versions pytest-2.7.2, py-1.4.30, python-2.7.10.final.0
cwd=/Users/jayson.barley/development/python/my_list
args=['--debug']

  pytest_cmdline_main [hook]
      config: <_pytest.config.Config object at 0x1004ffe90>
    pytest_plugin_registered [hook]
        manager: <_pytest.config.PytestPluginManager object at 0x1004ffb50>
        plugin: <Session 'my_list'>
    finish pytest_plugin_registered --> [] [hook]
    pytest_configure [hook]
        config: <_pytest.config.Config object at 0x1004ffe90>
    configured with mode set to 'rewrite' [assertion]
      pytest_plugin_registered [hook]
          manager: <_pytest.config.PytestPluginManager object at 0x1004ffb50>
          plugin: <_pytest.terminal.TerminalReporter instance at 0x1032fdd88>
      finish pytest_plugin_registered --> [] [hook]
    finish pytest_configure --> [] [hook]
    pytest_sessionstart [hook]
        session: <Session 'my_list'>
      pytest_plugin_registered [hook]
          manager: <_pytest.config.PytestPluginManager object at 0x1004ffb50>
          plugin: <_pytest.python.FixtureManager instance at 0x1032f5710>
      finish pytest_plugin_registered --> [] [hook]
      pytest_report_header [hook]
          startdir: /Users/jayson.barley/development/python/my_list
          config: <_pytest.config.Config object at 0x1004ffe90>
      finish pytest_report_header --> [['rootdir: /Users/jayson.barley/development/python/my_list, inifile: ', 'plugins: cov'], ['using: pytest-2.7.2 pylib-1.4.30', 'setuptools registered plugins:', '  pytest-cov-2.1.0 at /Library/Frameworks/Python.framework/Versions/2.7/lib/python2.7/site-packages/pytest_cov/plugin.pyc']] [hook]
    finish pytest_sessionstart --> [] [hook]
    pytest_collection [hook]
        session: <Session 'my_list'>
    perform_collect <Session 'my_list'> ['/Users/jayson.barley/development/python/my_list'] [collection]
        pytest_collectstart [hook]
            collector: <Session 'my_list'>
        finish pytest_collectstart --> [] [hook]
        pytest_make_collect_report [hook]
            collector: <Session 'my_list'>
        processing argument /Users/jayson.barley/development/python/my_list [collection]
            pytest_ignore_collect [hook]
                path: /Users/jayson.barley/development/python/my_list/.hypothesis
                config: <_pytest.config.Config object at 0x1004ffe90>
            finish pytest_ignore_collect --> False [hook]
            pytest_ignore_collect [hook]
                path: /Users/jayson.barley/development/python/my_list/__pycache__
                config: <_pytest.config.Config object at 0x1004ffe90>
            finish pytest_ignore_collect --> False [hook]
            pytest_collect_directory [hook]
                path: /Users/jayson.barley/development/python/my_list/__pycache__
                parent: <Session 'my_list'>
            finish pytest_collect_directory --> None [hook]
            pytest_ignore_collect [hook]
                path: /Users/jayson.barley/development/python/my_list/my_list.py
                config: <_pytest.config.Config object at 0x1004ffe90>
            finish pytest_ignore_collect --> False [hook]
            pytest_collect_file [hook]
                path: /Users/jayson.barley/development/python/my_list/my_list.py
                parent: <Session 'my_list'>
            finish pytest_collect_file --> [] [hook]
            pytest_ignore_collect [hook]
                path: /Users/jayson.barley/development/python/my_list/my_list.pyc
                config: <_pytest.config.Config object at 0x1004ffe90>
            finish pytest_ignore_collect --> False [hook]
            pytest_collect_file [hook]
                path: /Users/jayson.barley/development/python/my_list/my_list.pyc
                parent: <Session 'my_list'>
            finish pytest_collect_file --> [] [hook]
            pytest_ignore_collect [hook]
                path: /Users/jayson.barley/development/python/my_list/my_list.py~
                config: <_pytest.config.Config object at 0x1004ffe90>
            finish pytest_ignore_collect --> False [hook]
            pytest_collect_file [hook]
                path: /Users/jayson.barley/development/python/my_list/my_list.py~
                parent: <Session 'my_list'>
            finish pytest_collect_file --> [] [hook]
            pytest_ignore_collect [hook]
                path: /Users/jayson.barley/development/python/my_list/pytestdebug.log
                config: <_pytest.config.Config object at 0x1004ffe90>
            finish pytest_ignore_collect --> False [hook]
            pytest_collect_file [hook]
                path: /Users/jayson.barley/development/python/my_list/pytestdebug.log
                parent: <Session 'my_list'>
            finish pytest_collect_file --> [] [hook]
            pytest_ignore_collect [hook]
                path: /Users/jayson.barley/development/python/my_list/test_my_list.py
                config: <_pytest.config.Config object at 0x1004ffe90>
            finish pytest_ignore_collect --> False [hook]
            pytest_collect_file [hook]
                path: /Users/jayson.barley/development/python/my_list/test_my_list.py
                parent: <Session 'my_list'>
              pytest_pycollect_makemodule [hook]
                  path: /Users/jayson.barley/development/python/my_list/test_my_list.py
                  parent: <Session 'my_list'>
              finish pytest_pycollect_makemodule --> <Module 'test_my_list.py'> [hook]
            finish pytest_collect_file --> [<Module 'test_my_list.py'>] [hook]
            pytest_ignore_collect [hook]
                path: /Users/jayson.barley/development/python/my_list/test_my_list.py~
                config: <_pytest.config.Config object at 0x1004ffe90>
            finish pytest_ignore_collect --> False [hook]
            pytest_collect_file [hook]
                path: /Users/jayson.barley/development/python/my_list/test_my_list.py~
                parent: <Session 'my_list'>
            finish pytest_collect_file --> [] [hook]
            pytest_ignore_collect [hook]
                path: /Users/jayson.barley/development/python/my_list/__pycache__/test_my_list.cpython-27-PYTEST.pyc
                config: <_pytest.config.Config object at 0x1004ffe90>
            finish pytest_ignore_collect --> False [hook]
            pytest_collect_file [hook]
                path: /Users/jayson.barley/development/python/my_list/__pycache__/test_my_list.cpython-27-PYTEST.pyc
                parent: <Session 'my_list'>
            finish pytest_collect_file --> [] [hook]
        finish pytest_make_collect_report --> <CollectReport '' lenresult=1 outcome='passed'> [hook]
        pytest_collectreport [hook]
            report: <CollectReport '' lenresult=1 outcome='passed'>
        finish pytest_collectreport --> [] [hook]
    genitems <Module 'test_my_list.py'> [collection]
      pytest_collectstart [hook]
          collector: <Module 'test_my_list.py'>
      finish pytest_collectstart --> [] [hook]
      pytest_make_collect_report [hook]
          collector: <Module 'test_my_list.py'>
      find_module called for: test_my_list [assertion]
      matched test file '/Users/jayson.barley/development/python/my_list/test_my_list.py' [assertion]
      found cached rewritten pyc for '/Users/jayson.barley/development/python/my_list/test_my_list.py' [assertion]
      find_module called for: my_list [assertion]
      find_module called for: hypothesis [assertion]
      find_module called for: hypothesis.hypothesis [assertion]
      find_module called for: hypothesis.searchstrategy [assertion]
      find_module called for: hypothesis.searchstrategy.strategies [assertion]
      find_module called for: hypothesis.errors [assertion]
      find_module called for: hypothesis.control [assertion]
      find_module called for: hypothesis.reporting [assertion]
      find_module called for: hypothesis.settings [assertion]
      find_module called for: hypothesis.utils [assertion]
      find_module called for: hypothesis.utils.conventions [assertion]
      find_module called for: hypothesis.utils.dynamicvariables [assertion]
      find_module called for: hypothesis.internal [assertion]
      find_module called for: hypothesis.internal.compat [assertion]
      find_module called for: importlib [assertion]
      find_module called for: importlib.sys [assertion]
      find_module called for: decimal [assertion]
      find_module called for: numbers [assertion]
      find_module called for: hypothesis.deprecation [assertion]
      find_module called for: hypothesis.utils.extmethod [assertion]
      find_module called for: hypothesis.internal.classmap [assertion]
      find_module called for: hypothesis.internal.chooser [assertion]
      find_module called for: hypothesis.internal.reflection [assertion]
      find_module called for: hypothesis.searchstrategy.basic [assertion]
      find_module called for: hypothesis.internal.distributions [assertion]
      find_module called for: hypothesis.searchstrategy.numbers [assertion]
      find_module called for: hypothesis.utils.size [assertion]
      find_module called for: hypothesis.searchstrategy.misc [assertion]
      find_module called for: hypothesis.types [assertion]
      find_module called for: hypothesis.searchstrategy.collections [assertion]
      find_module called for: hypothesis.utils.show [assertion]
      find_module called for: unittest [assertion]
      find_module called for: unittest.result [assertion]
      find_module called for: unittest.os [assertion]
      find_module called for: unittest.sys [assertion]
      find_module called for: unittest.traceback [assertion]
      find_module called for: unittest.StringIO [assertion]
      find_module called for: unittest.util [assertion]
      find_module called for: unittest.collections [assertion]
      find_module called for: unittest.functools [assertion]
      find_module called for: unittest.case [assertion]
      find_module called for: unittest.difflib [assertion]
      find_module called for: difflib [assertion]
      find_module called for: unittest.pprint [assertion]
      find_module called for: unittest.re [assertion]
      find_module called for: unittest.types [assertion]
      find_module called for: unittest.warnings [assertion]
      find_module called for: unittest.suite [assertion]
      find_module called for: unittest.loader [assertion]
      find_module called for: unittest.fnmatch [assertion]
      find_module called for: unittest.main [assertion]
      find_module called for: unittest.runner [assertion]
      find_module called for: unittest.time [assertion]
      find_module called for: unittest.signals [assertion]
      find_module called for: unittest.signal [assertion]
      find_module called for: unittest.weakref [assertion]
      find_module called for: hypothesis.utils.idkey [assertion]
      find_module called for: hypothesis.searchstrategy.strings [assertion]
      find_module called for: unicodedata [assertion]
      find_module called for: hypothesis.searchstrategy.streams [assertion]
      find_module called for: hypothesis.version [assertion]
      find_module called for: hypothesis.core [assertion]
      find_module called for: hypothesis.strategies [assertion]
      find_module called for: fractions [assertion]
      find_module called for: hypothesis.specifiers [assertion]
      find_module called for: hypothesis.searchstrategy.reprwrapper [assertion]
      find_module called for: hypothesis.searchstrategy.wrappers [assertion]
      find_module called for: hypothesis_temporary_module_9abd2800900986980ad8f68a32f0005fc05800d8 [assertion]
      find_module called for: hypothesis_temporary_module_575c46161da71f5baee220ccac6c2069d30f4506 [assertion]
      find_module called for: hypothesis_temporary_module_a993f5cddd9d22f6beea0e79bc1785a8f6f492c7 [assertion]
      find_module called for: hypothesis_temporary_module_1eba03841185292c6018ae372c9f399bb5b99054 [assertion]
      find_module called for: hypothesis_temporary_module_f921b2988402df61d5f91622b67a9e50eddd05fc [assertion]
      find_module called for: hypothesis_temporary_module_319ade46afdab08a61611170bc661bd6b6fd0507 [assertion]
      find_module called for: hypothesis_temporary_module_302a2bf2b98d37c182da92de76c16ff408d9447c [assertion]
      find_module called for: hypothesis_temporary_module_5a7bc10d8015157dedbac1465811f364be31ca17 [assertion]
      find_module called for: hypothesis_temporary_module_2e71923a5f523fc7899142bce080a648f473d503 [assertion]
      find_module called for: hypothesis_temporary_module_3f7411c21a40bfdc1d4a385395abcf8f35bfc403 [assertion]
      find_module called for: hypothesis_temporary_module_157a06c7111ab0b1f1a33822a57773ed79d45d30 [assertion]
      find_module called for: hypothesis_temporary_module_ad3b1319e5371eb5b80a0f4b62a10c1d78021704 [assertion]
      find_module called for: hypothesis_temporary_module_f8478d2d985b5b4bb830f8419c093e22c692e027 [assertion]
      find_module called for: hypothesis_temporary_module_cdc3a7a5201e39632a956c5967c0a91af8267df9 [assertion]
      find_module called for: hypothesis_temporary_module_e7ac20823eddd3e706aaf44693170920005cb871 [assertion]
      find_module called for: hypothesis_temporary_module_2cea1af442c7f053fe19b734be9a6a80bbafb877 [assertion]
      find_module called for: hypothesis_temporary_module_0338617ff66788f1ab9d5142f849106ae9b38d15 [assertion]
      find_module called for: hypothesis_temporary_module_0529b12987b897d7290f83bcbcc804e28602383d [assertion]
      find_module called for: hypothesis_temporary_module_9345cdfcc00c612f74fd583fd23cd20cd7a11cc7 [assertion]
      find_module called for: hypothesis_temporary_module_84deb0667079aa1ef02457217332c31964ecca97 [assertion]
      find_module called for: hypothesis.extra [assertion]
      find_module called for: hypothesis.extra.pkg_resources [assertion]
      find_module called for: hypothesis.extra.hypothesis [assertion]
      find_module called for: hypothesis.executors [assertion]
      find_module called for: hypothesis.executors.executors [assertion]
      find_module called for: hypothesis.internal.tracker [assertion]
      find_module called for: hypothesis.internal.examplesource [assertion]
      find_module called for: hypothesis.stateful [assertion]
        pytest_pycollect_makeitem [hook]
            obj: <class 'hypothesis.stateful.RuleBasedStateMachine'>
            collector: <Module 'test_my_list.py'>
            name: RuleBasedStateMachine
        finish pytest_pycollect_makeitem --> None [hook]
        pytest_pycollect_makeitem [hook]
            obj: <function integers at 0x1034e2140>
            collector: <Module 'test_my_list.py'>
            name: integers
        finish pytest_pycollect_makeitem --> None [hook]
        pytest_pycollect_makeitem [hook]
            obj: <module '_pytest.assertion.rewrite' from '/Library/Frameworks/Python.framework/Versions/2.7/lib/python2.7/site-packages/_pytest/assertion/rewrite.pyc'>
            collector: <Module 'test_my_list.py'>
            name: @pytest_ar
        finish pytest_pycollect_makeitem --> None [hook]
        pytest_pycollect_makeitem [hook]
            obj: <class 'my_list.MyList'>
            collector: <Module 'test_my_list.py'>
            name: MyList
        finish pytest_pycollect_makeitem --> None [hook]
        pytest_pycollect_makeitem [hook]
            obj: <class 'test_my_list.MyListTests'>
            collector: <Module 'test_my_list.py'>
            name: MyListTests
        finish pytest_pycollect_makeitem --> None [hook]
        pytest_pycollect_makeitem [hook]
            obj: {'bytearray': <type 'bytearray'>, 'IndexError': <type 'exceptions.IndexError'>, 'all': <built-in function all>, 'help': Type help() for interactive help, or help(object) for help about object., 'vars': <built-in function vars>, 'SyntaxError': <type 'exceptions.SyntaxError'>, 'unicode': <type 'unicode'>, 'UnicodeDecodeError': <type 'exceptions.UnicodeDecodeError'>, 'memoryview': <type 'memoryview'>, 'isinstance': <built-in function isinstance>, 'copyright': Copyright (c) 2001-2015 Python Software Foundation.
All Rights Reserved.

Copyright (c) 2000 BeOpen.com.
All Rights Reserved.

Copyright (c) 1995-2001 Corporation for National Research Initiatives.
All Rights Reserved.

Copyright (c) 1991-1995 Stichting Mathematisch Centrum, Amsterdam.
All Rights Reserved., 'NameError': <type 'exceptions.NameError'>, 'BytesWarning': <type 'exceptions.BytesWarning'>, 'dict': <type 'dict'>, 'input': <built-in function input>, 'oct': <built-in function oct>, 'bin': <built-in function bin>, 'SystemExit': <type 'exceptions.SystemExit'>, 'StandardError': <type 'exceptions.StandardError'>, 'format': <built-in function format>, 'repr': <built-in function repr>, 'sorted': <built-in function sorted>, 'False': False, 'RuntimeWarning': <type 'exceptions.RuntimeWarning'>, 'list': <type 'list'>, 'iter': <built-in function iter>, 'reload': <built-in function reload>, 'Warning': <type 'exceptions.Warning'>, '__package__': None, 'round': <built-in function round>, 'dir': <built-in function dir>, 'cmp': <built-in function cmp>, 'set': <type 'set'>, 'bytes': <type 'str'>, 'reduce': <built-in function reduce>, 'intern': <built-in function intern>, 'issubclass': <built-in function issubclass>, 'Ellipsis': Ellipsis, 'EOFError': <type 'exceptions.EOFError'>, 'locals': <built-in function locals>, 'BufferError': <type 'exceptions.BufferError'>, 'slice': <type 'slice'>, 'FloatingPointError': <type 'exceptions.FloatingPointError'>, 'sum': <built-in function sum>, 'getattr': <built-in function getattr>, 'abs': <built-in function abs>, 'exit': Use exit() or Ctrl-D (i.e. EOF) to exit, 'print': <built-in function print>, 'True': True, 'FutureWarning': <type 'exceptions.FutureWarning'>, 'ImportWarning': <type 'exceptions.ImportWarning'>, 'None': None, 'hash': <built-in function hash>, 'ReferenceError': <type 'exceptions.ReferenceError'>, 'len': <built-in function len>, 'credits':     Thanks to CWI, CNRI, BeOpen.com, Zope Corporation and a cast of thousands
    for supporting Python development.  See www.python.org for more information., 'frozenset': <type 'frozenset'>, '__name__': '__builtin__', 'ord': <built-in function ord>, 'super': <type 'super'>, 'TypeError': <type 'exceptions.TypeError'>, 'license': Type license() to see the full license text, 'KeyboardInterrupt': <type 'exceptions.KeyboardInterrupt'>, 'UserWarning': <type 'exceptions.UserWarning'>, 'filter': <built-in function filter>, 'range': <built-in function range>, 'staticmethod': <type 'staticmethod'>, 'SystemError': <type 'exceptions.SystemError'>, 'BaseException': <type 'exceptions.BaseException'>, 'pow': <built-in function pow>, 'RuntimeError': <type 'exceptions.RuntimeError'>, 'float': <type 'float'>, 'MemoryError': <type 'exceptions.MemoryError'>, 'StopIteration': <type 'exceptions.StopIteration'>, 'globals': <built-in function globals>, 'divmod': <built-in function divmod>, 'enumerate': <type 'enumerate'>, 'apply': <built-in function apply>, 'LookupError': <type 'exceptions.LookupError'>, 'open': <built-in function open>, 'quit': Use quit() or Ctrl-D (i.e. EOF) to exit, 'basestring': <type 'basestring'>, 'UnicodeError': <type 'exceptions.UnicodeError'>, 'zip': <built-in function zip>, 'hex': <built-in function hex>, 'long': <type 'long'>, 'next': <built-in function next>, 'ImportError': <type 'exceptions.ImportError'>, 'chr': <built-in function chr>, 'xrange': <type 'xrange'>, 'type': <type 'type'>, '__doc__': "Built-in functions, exceptions, and other objects.\n\nNoteworthy: None is the `nil' object; Ellipsis represents `...' in slices.", 'Exception': <type 'exceptions.Exception'>, 'tuple': <type 'tuple'>, 'UnicodeTranslateError': <type 'exceptions.UnicodeTranslateError'>, 'reversed': <type 'reversed'>, 'UnicodeEncodeError': <type 'exceptions.UnicodeEncodeError'>, 'IOError': <type 'exceptions.IOError'>, 'hasattr': <built-in function hasattr>, 'delattr': <built-in function delattr>, 'setattr': <built-in function setattr>, 'raw_input': <built-in function raw_input>, 'SyntaxWarning': <type 'exceptions.SyntaxWarning'>, 'compile': <built-in function compile>, 'ArithmeticError': <type 'exceptions.ArithmeticError'>, 'str': <type 'str'>, 'property': <type 'property'>, 'GeneratorExit': <type 'exceptions.GeneratorExit'>, 'int': <type 'int'>, '__import__': <built-in function __import__>, 'KeyError': <type 'exceptions.KeyError'>, 'coerce': <built-in function coerce>, 'PendingDeprecationWarning': <type 'exceptions.PendingDeprecationWarning'>, 'file': <type 'file'>, 'EnvironmentError': <type 'exceptions.EnvironmentError'>, 'unichr': <built-in function unichr>, 'id': <built-in function id>, 'OSError': <type 'exceptions.OSError'>, 'DeprecationWarning': <type 'exceptions.DeprecationWarning'>, 'min': <built-in function min>, 'UnicodeWarning': <type 'exceptions.UnicodeWarning'>, 'execfile': <built-in function execfile>, 'any': <built-in function any>, 'complex': <type 'complex'>, 'bool': <type 'bool'>, 'ValueError': <type 'exceptions.ValueError'>, 'NotImplemented': NotImplemented, 'map': <built-in function map>, 'buffer': <type 'buffer'>, 'max': <built-in function max>, 'object': <type 'object'>, 'TabError': <type 'exceptions.TabError'>, 'callable': <built-in function callable>, 'ZeroDivisionError': <type 'exceptions.ZeroDivisionError'>, 'eval': <built-in function eval>, '__debug__': True, 'IndentationError': <type 'exceptions.IndentationError'>, 'AssertionError': <class '_pytest.assertion.reinterpret.AssertionError'>, 'classmethod': <type 'classmethod'>, 'UnboundLocalError': <type 'exceptions.UnboundLocalError'>, 'NotImplementedError': <type 'exceptions.NotImplementedError'>, 'AttributeError': <type 'exceptions.AttributeError'>, 'OverflowError': <type 'exceptions.OverflowError'>}
            collector: <Module 'test_my_list.py'>
            name: __builtins__
        finish pytest_pycollect_makeitem --> None [hook]
        pytest_pycollect_makeitem [hook]
            obj: /Users/jayson.barley/development/python/my_list/test_my_list.py
            collector: <Module 'test_my_list.py'>
            name: __file__
        finish pytest_pycollect_makeitem --> None [hook]
        pytest_pycollect_makeitem [hook]
            obj: <class 'hypothesis.stateful.Bundle'>
            collector: <Module 'test_my_list.py'>
            name: Bundle
        finish pytest_pycollect_makeitem --> None [hook]
        pytest_pycollect_makeitem [hook]
            obj: <_pytest.assertion.rewrite.AssertionRewritingHook object at 0x1032fc750>
            collector: <Module 'test_my_list.py'>
            name: __loader__
        finish pytest_pycollect_makeitem --> None [hook]
        pytest_pycollect_makeitem [hook]
            obj: <class 'hypothesis.stateful.MyListTests.TestCase'>
            collector: <Module 'test_my_list.py'>
            name: TestSet
        finish pytest_pycollect_makeitem --> <UnitTestCase 'TestSet'> [hook]
        pytest_pycollect_makeitem [hook]
            obj: <function rule at 0x10363c1b8>
            collector: <Module 'test_my_list.py'>
            name: rule
        finish pytest_pycollect_makeitem --> None [hook]
        pytest_pycollect_makeitem [hook]
            obj: /Users/jayson.barley/development/python/my_list/__pycache__/test_my_list.cpython-27-PYTEST.pyc
            collector: <Module 'test_my_list.py'>
            name: __cached__
        finish pytest_pycollect_makeitem --> None [hook]
        pytest_pycollect_makeitem [hook]
            obj: test_my_list
            collector: <Module 'test_my_list.py'>
            name: __name__
        finish pytest_pycollect_makeitem --> None [hook]
        pytest_pycollect_makeitem [hook]
            obj: <module 'unittest' from '/Library/Frameworks/Python.framework/Versions/2.7/lib/python2.7/unittest/__init__.pyc'>
            collector: <Module 'test_my_list.py'>
            name: unittest
        finish pytest_pycollect_makeitem --> None [hook]
        pytest_pycollect_makeitem [hook]
            obj: None
            collector: <Module 'test_my_list.py'>
            name: __package__
        finish pytest_pycollect_makeitem --> None [hook]
        pytest_pycollect_makeitem [hook]
            obj: <module '__builtin__' (built-in)>
            collector: <Module 'test_my_list.py'>
            name: @py_builtins
        finish pytest_pycollect_makeitem --> None [hook]
        pytest_pycollect_makeitem [hook]
            obj: None
            collector: <Module 'test_my_list.py'>
            name: __doc__
        finish pytest_pycollect_makeitem --> None [hook]
        pytest_pycollect_makeitem [hook]
            obj: <slot wrapper '__setattr__' of 'module' objects>
            collector: <Module 'test_my_list.py'>
            name: __setattr__
        finish pytest_pycollect_makeitem --> None [hook]
        pytest_pycollect_makeitem [hook]
            obj: <built-in method __new__ of type object at 0x10017fd60>
            collector: <Module 'test_my_list.py'>
            name: __new__
        finish pytest_pycollect_makeitem --> None [hook]
        pytest_pycollect_makeitem [hook]
            obj: <slot wrapper '__getattribute__' of 'module' objects>
            collector: <Module 'test_my_list.py'>
            name: __getattribute__
        finish pytest_pycollect_makeitem --> None [hook]
        pytest_pycollect_makeitem [hook]
            obj: <slot wrapper '__delattr__' of 'module' objects>
            collector: <Module 'test_my_list.py'>
            name: __delattr__
        finish pytest_pycollect_makeitem --> None [hook]
        pytest_pycollect_makeitem [hook]
            obj: <slot wrapper '__repr__' of 'module' objects>
            collector: <Module 'test_my_list.py'>
            name: __repr__
        finish pytest_pycollect_makeitem --> None [hook]
        pytest_pycollect_makeitem [hook]
            obj: <member '__dict__' of 'module' objects>
            collector: <Module 'test_my_list.py'>
            name: __dict__
        finish pytest_pycollect_makeitem --> None [hook]
        pytest_pycollect_makeitem [hook]
            obj: <slot wrapper '__init__' of 'module' objects>
            collector: <Module 'test_my_list.py'>
            name: __init__
        finish pytest_pycollect_makeitem --> None [hook]
        pytest_pycollect_makeitem [hook]
            obj: <method '__reduce_ex__' of 'object' objects>
            collector: <Module 'test_my_list.py'>
            name: __reduce_ex__
        finish pytest_pycollect_makeitem --> None [hook]
        pytest_pycollect_makeitem [hook]
            obj: <method '__reduce__' of 'object' objects>
            collector: <Module 'test_my_list.py'>
            name: __reduce__
        finish pytest_pycollect_makeitem --> None [hook]
        pytest_pycollect_makeitem [hook]
            obj: <slot wrapper '__str__' of 'object' objects>
            collector: <Module 'test_my_list.py'>
            name: __str__
        finish pytest_pycollect_makeitem --> None [hook]
        pytest_pycollect_makeitem [hook]
            obj: <method '__format__' of 'object' objects>
            collector: <Module 'test_my_list.py'>
            name: __format__
        finish pytest_pycollect_makeitem --> None [hook]
        pytest_pycollect_makeitem [hook]
            obj: <attribute '__class__' of 'object' objects>
            collector: <Module 'test_my_list.py'>
            name: __class__
        finish pytest_pycollect_makeitem --> None [hook]
        pytest_pycollect_makeitem [hook]
            obj: <method '__subclasshook__' of 'object' objects>
            collector: <Module 'test_my_list.py'>
            name: __subclasshook__
        finish pytest_pycollect_makeitem --> None [hook]
        pytest_pycollect_makeitem [hook]
            obj: <slot wrapper '__hash__' of 'object' objects>
            collector: <Module 'test_my_list.py'>
            name: __hash__
        finish pytest_pycollect_makeitem --> None [hook]
        pytest_pycollect_makeitem [hook]
            obj: <method '__sizeof__' of 'object' objects>
            collector: <Module 'test_my_list.py'>
            name: __sizeof__
        finish pytest_pycollect_makeitem --> None [hook]
      finish pytest_make_collect_report --> <CollectReport 'test_my_list.py' lenresult=1 outcome='passed'> [hook]
    genitems <UnitTestCase 'TestSet'> [collection]
      pytest_collectstart [hook]
          collector: <UnitTestCase 'TestSet'>
      finish pytest_collectstart --> [] [hook]
      pytest_make_collect_report [hook]
          collector: <UnitTestCase 'TestSet'>
      finish pytest_make_collect_report --> <CollectReport 'test_my_list.py::TestSet' lenresult=1 outcome='passed'> [hook]
    genitems <TestCaseFunction 'runTest'> [collection]
      pytest_itemcollected [hook]
          item: <TestCaseFunction 'runTest'>
      finish pytest_itemcollected --> [] [hook]
      pytest_collectreport [hook]
          report: <CollectReport 'test_my_list.py::TestSet' lenresult=1 outcome='passed'>
      finish pytest_collectreport --> [] [hook]
      pytest_collectreport [hook]
          report: <CollectReport 'test_my_list.py' lenresult=1 outcome='passed'>
      finish pytest_collectreport --> [] [hook]
      pytest_collection_modifyitems [hook]
          items: [<TestCaseFunction 'runTest'>]
          session: <Session 'my_list'>
          config: <_pytest.config.Config object at 0x1004ffe90>
      finish pytest_collection_modifyitems --> [] [hook]
      pytest_collection_finish [hook]
          session: <Session 'my_list'>
      finish pytest_collection_finish --> [] [hook]
    finish pytest_collection --> [<TestCaseFunction 'runTest'>] [hook]
    pytest_runtestloop [hook]
        session: <Session 'my_list'>
      pytest_runtest_protocol [hook]
          item: <TestCaseFunction 'runTest'>
          nextitem: None
        pytest_runtest_logstart [hook]
            location: ('../../../../../Library/Frameworks/Python.framework/Versions/2.7/lib/python2.7/site-packages/hypothesis/stateful.py', 183, 'TestSet.runTest')
            nodeid: test_my_list.py::TestSet::runTest
        finish pytest_runtest_logstart --> [] [hook]
        pytest_runtest_setup [hook]
            item: <TestCaseFunction 'runTest'>
        finish pytest_runtest_setup --> [] [hook]
        pytest_runtest_makereport [hook]
            item: <TestCaseFunction 'runTest'>
            call: <CallInfo when='setup' result: []>
        finish pytest_runtest_makereport --> <TestReport 'test_my_list.py::TestSet::runTest' when='setup' outcome='passed'> [hook]
        pytest_runtest_logreport [hook]
            report: <TestReport 'test_my_list.py::TestSet::runTest' when='setup' outcome='passed'>
          pytest_report_teststatus [hook]
              report: <TestReport 'test_my_list.py::TestSet::runTest' when='setup' outcome='passed'>
          finish pytest_report_teststatus --> ('', '', '') [hook]
        finish pytest_runtest_logreport --> [] [hook]
        pytest_runtest_call [hook]
            item: <TestCaseFunction 'runTest'>
        find_module called for: hypothesis.database [assertion]
        find_module called for: hypothesis.database.hypothesis [assertion]
        find_module called for: hypothesis.database.formats [assertion]
        find_module called for: json [assertion]
        find_module called for: json.decoder [assertion]
        find_module called for: json.re [assertion]
        find_module called for: json.sys [assertion]
        find_module called for: json.struct [assertion]
        find_module called for: json.json [assertion]
        find_module called for: json.scanner [assertion]
        find_module called for: json._json [assertion]
        find_module called for: _json [assertion]
        find_module called for: encodings.hex_codec [assertion]
        find_module called for: encodings.binascii [assertion]
        find_module called for: json.encoder [assertion]
        find_module called for: hypothesis.database.backend [assertion]
        find_module called for: sqlite3 [assertion]
        find_module called for: sqlite3.dbapi2 [assertion]
        find_module called for: sqlite3.collections [assertion]
        find_module called for: sqlite3.datetime [assertion]
        find_module called for: sqlite3.time [assertion]
        find_module called for: sqlite3._sqlite3 [assertion]
        find_module called for: _sqlite3 [assertion]
        finish pytest_runtest_call --> [] [hook]
        pytest_runtest_makereport [hook]
            item: <TestCaseFunction 'runTest'>
            call: <CallInfo when='call' result: []>
        finish pytest_runtest_makereport --> <TestReport 'test_my_list.py::TestSet::runTest' when='call' outcome='passed'> [hook]
        pytest_runtest_logreport [hook]
            report: <TestReport 'test_my_list.py::TestSet::runTest' when='call' outcome='passed'>
          pytest_report_teststatus [hook]
              report: <TestReport 'test_my_list.py::TestSet::runTest' when='call' outcome='passed'>
          finish pytest_report_teststatus --> ('passed', '.', 'PASSED') [hook]
        finish pytest_runtest_logreport --> [] [hook]
        pytest_runtest_teardown [hook]
            item: <TestCaseFunction 'runTest'>
            nextitem: None
        finish pytest_runtest_teardown --> [] [hook]
        pytest_runtest_makereport [hook]
            item: <TestCaseFunction 'runTest'>
            call: <CallInfo when='teardown' result: []>
        finish pytest_runtest_makereport --> <TestReport 'test_my_list.py::TestSet::runTest' when='teardown' outcome='passed'> [hook]
        pytest_runtest_logreport [hook]
            report: <TestReport 'test_my_list.py::TestSet::runTest' when='teardown' outcome='passed'>
          pytest_report_teststatus [hook]
              report: <TestReport 'test_my_list.py::TestSet::runTest' when='teardown' outcome='passed'>
          finish pytest_report_teststatus --> ('', '', '') [hook]
        finish pytest_runtest_logreport --> [] [hook]
      finish pytest_runtest_protocol --> True [hook]
    finish pytest_runtestloop --> True [hook]
    pytest_sessionfinish [hook]
        session: <Session 'my_list'>
        exitstatus: 0
      pytest_terminal_summary [hook]
          terminalreporter: <_pytest.terminal.TerminalReporter instance at 0x1032fdd88>
      finish pytest_terminal_summary --> [] [hook]
    finish pytest_sessionfinish --> [] [hook]
    pytest_unconfigure [hook]
        config: <_pytest.config.Config object at 0x1004ffe90>
    finish [config:tmpdir]
